<?xml version="1.0" encoding="UTF-8"?>
<!-- Generated by org.testng.reporters.JUnitXMLReporter -->
<testsuite ignored="0" hostname="DESKTOP-F31FRO2" failures="0" tests="6" name="Default test" time="53.962" errors="0" timestamp="2022-04-05T11:07:24 IST">
  <testcase classname="com.qa.testLayer.HomePageTest" name="cerifySonyVaioi7" time="1.958"/>
  <testcase classname="com.qa.testLayer.HomePageTest" name="verifyHTCOneM9" time="2.364"/>
  <testcase classname="com.qa.testLayer.HomePageTest" name="verifyNexus6" time="2.247"/>
  <testcase classname="com.qa.testLayer.HomePageTest" name="verifyNokiaLumia1520" time="2.522"/>
  <testcase classname="com.qa.testLayer.HomePageTest" name="verifySamsungGalaxys6" time="2.38"/>
  <testcase classname="com.qa.testLayer.HomePageTest" name="verifySonyVaioi5" time="1.956"/>
</testsuite> <!-- Default test -->
