<?xml version="1.0" encoding="UTF-8"?>
<!-- Generated by org.testng.reporters.JUnitXMLReporter -->
<testsuite ignored="0" hostname="DESKTOP-F31FRO2" failures="0" tests="6" name="DemoBlazeTest" time="66.781" errors="0" timestamp="2022-04-27T14:06:40 IST">
  <testcase classname="com.qa.testLayer.HomePageTest" name="cerifySonyVaioi7" time="2.503"/>
  <testcase classname="com.qa.testLayer.HomePageTest" name="verifyHTCOneM9" time="3.237"/>
  <testcase classname="com.qa.testLayer.HomePageTest" name="verifyNexus6" time="5.234"/>
  <testcase classname="com.qa.testLayer.HomePageTest" name="verifyNokiaLumia1520" time="5.886"/>
  <testcase classname="com.qa.testLayer.HomePageTest" name="verifySamsungGalaxys6" time="3.503"/>
  <testcase classname="com.qa.testLayer.HomePageTest" name="verifySonyVaioi5" time="5.312"/>
</testsuite> <!-- DemoBlazeTest -->
