<?xml version="1.0" encoding="UTF-8"?>
<testng-results ignored="0" total="6" passed="6" failed="0" skipped="0">
  <reporter-output>
  </reporter-output>
  <suite started-at="2022-04-27T14:05:34 IST" name="DemoBlazeSuite" finished-at="2022-04-27T14:06:40 IST" duration-ms="66781">
    <groups>
    </groups>
    <test started-at="2022-04-27T14:05:34 IST" name="DemoBlazeTest" finished-at="2022-04-27T14:06:40 IST" duration-ms="66781">
      <class name="com.qa.testLayer.HomePageTest">
        <test-method is-config="true" signature="startLogger()[pri:0, instance:com.qa.testLayer.HomePageTest@49ec71f8]" started-at="2022-04-27T14:05:34 IST" name="startLogger" finished-at="2022-04-27T14:05:34 IST" duration-ms="205" status="PASS">
          <reporter-output>
          </reporter-output>
        </test-method> <!-- startLogger -->
        <test-method is-config="true" signature="openBrowser()[pri:0, instance:com.qa.testLayer.HomePageTest@49ec71f8]" started-at="2022-04-27T14:05:34 IST" name="openBrowser" finished-at="2022-04-27T14:05:43 IST" duration-ms="8850" status="PASS">
          <reporter-output>
          </reporter-output>
        </test-method> <!-- openBrowser -->
        <test-method signature="cerifySonyVaioi7()[pri:0, instance:com.qa.testLayer.HomePageTest@49ec71f8]" started-at="2022-04-27T14:05:43 IST" name="cerifySonyVaioi7" finished-at="2022-04-27T14:05:45 IST" duration-ms="2503" status="PASS">
          <reporter-output>
          </reporter-output>
        </test-method> <!-- cerifySonyVaioi7 -->
        <test-method is-config="true" signature="closeBrowser()[pri:0, instance:com.qa.testLayer.HomePageTest@49ec71f8]" started-at="2022-04-27T14:05:45 IST" name="closeBrowser" finished-at="2022-04-27T14:05:46 IST" duration-ms="593" status="PASS">
          <reporter-output>
          </reporter-output>
        </test-method> <!-- closeBrowser -->
        <test-method is-config="true" signature="openBrowser()[pri:0, instance:com.qa.testLayer.HomePageTest@49ec71f8]" started-at="2022-04-27T14:05:46 IST" name="openBrowser" finished-at="2022-04-27T14:05:51 IST" duration-ms="4668" status="PASS">
          <reporter-output>
          </reporter-output>
        </test-method> <!-- openBrowser -->
        <test-method signature="verifyHTCOneM9()[pri:0, instance:com.qa.testLayer.HomePageTest@49ec71f8]" started-at="2022-04-27T14:05:51 IST" name="verifyHTCOneM9" finished-at="2022-04-27T14:05:54 IST" duration-ms="3237" status="PASS">
          <reporter-output>
          </reporter-output>
        </test-method> <!-- verifyHTCOneM9 -->
        <test-method is-config="true" signature="closeBrowser()[pri:0, instance:com.qa.testLayer.HomePageTest@49ec71f8]" started-at="2022-04-27T14:05:54 IST" name="closeBrowser" finished-at="2022-04-27T14:05:54 IST" duration-ms="625" status="PASS">
          <reporter-output>
          </reporter-output>
        </test-method> <!-- closeBrowser -->
        <test-method is-config="true" signature="openBrowser()[pri:0, instance:com.qa.testLayer.HomePageTest@49ec71f8]" started-at="2022-04-27T14:05:54 IST" name="openBrowser" finished-at="2022-04-27T14:05:59 IST" duration-ms="4934" status="PASS">
          <reporter-output>
          </reporter-output>
        </test-method> <!-- openBrowser -->
        <test-method signature="verifyNexus6()[pri:0, instance:com.qa.testLayer.HomePageTest@49ec71f8]" started-at="2022-04-27T14:05:59 IST" name="verifyNexus6" finished-at="2022-04-27T14:06:05 IST" duration-ms="5234" status="PASS">
          <reporter-output>
          </reporter-output>
        </test-method> <!-- verifyNexus6 -->
        <test-method is-config="true" signature="closeBrowser()[pri:0, instance:com.qa.testLayer.HomePageTest@49ec71f8]" started-at="2022-04-27T14:06:05 IST" name="closeBrowser" finished-at="2022-04-27T14:06:05 IST" duration-ms="437" status="PASS">
          <reporter-output>
          </reporter-output>
        </test-method> <!-- closeBrowser -->
        <test-method is-config="true" signature="openBrowser()[pri:0, instance:com.qa.testLayer.HomePageTest@49ec71f8]" started-at="2022-04-27T14:06:05 IST" name="openBrowser" finished-at="2022-04-27T14:06:12 IST" duration-ms="6857" status="PASS">
          <reporter-output>
          </reporter-output>
        </test-method> <!-- openBrowser -->
        <test-method signature="verifyNokiaLumia1520()[pri:0, instance:com.qa.testLayer.HomePageTest@49ec71f8]" started-at="2022-04-27T14:06:12 IST" name="verifyNokiaLumia1520" finished-at="2022-04-27T14:06:18 IST" duration-ms="5886" status="PASS">
          <reporter-output>
          </reporter-output>
        </test-method> <!-- verifyNokiaLumia1520 -->
        <test-method is-config="true" signature="closeBrowser()[pri:0, instance:com.qa.testLayer.HomePageTest@49ec71f8]" started-at="2022-04-27T14:06:18 IST" name="closeBrowser" finished-at="2022-04-27T14:06:18 IST" duration-ms="430" status="PASS">
          <reporter-output>
          </reporter-output>
        </test-method> <!-- closeBrowser -->
        <test-method is-config="true" signature="openBrowser()[pri:0, instance:com.qa.testLayer.HomePageTest@49ec71f8]" started-at="2022-04-27T14:06:18 IST" name="openBrowser" finished-at="2022-04-27T14:06:25 IST" duration-ms="7157" status="PASS">
          <reporter-output>
          </reporter-output>
        </test-method> <!-- openBrowser -->
        <test-method signature="verifySamsungGalaxys6()[pri:0, instance:com.qa.testLayer.HomePageTest@49ec71f8]" started-at="2022-04-27T14:06:25 IST" name="verifySamsungGalaxys6" finished-at="2022-04-27T14:06:29 IST" duration-ms="3503" status="PASS">
          <reporter-output>
          </reporter-output>
        </test-method> <!-- verifySamsungGalaxys6 -->
        <test-method is-config="true" signature="closeBrowser()[pri:0, instance:com.qa.testLayer.HomePageTest@49ec71f8]" started-at="2022-04-27T14:06:29 IST" name="closeBrowser" finished-at="2022-04-27T14:06:29 IST" duration-ms="475" status="PASS">
          <reporter-output>
          </reporter-output>
        </test-method> <!-- closeBrowser -->
        <test-method is-config="true" signature="openBrowser()[pri:0, instance:com.qa.testLayer.HomePageTest@49ec71f8]" started-at="2022-04-27T14:06:29 IST" name="openBrowser" finished-at="2022-04-27T14:06:35 IST" duration-ms="5333" status="PASS">
          <reporter-output>
          </reporter-output>
        </test-method> <!-- openBrowser -->
        <test-method signature="verifySonyVaioi5()[pri:0, instance:com.qa.testLayer.HomePageTest@49ec71f8]" started-at="2022-04-27T14:06:35 IST" name="verifySonyVaioi5" finished-at="2022-04-27T14:06:40 IST" duration-ms="5312" status="PASS">
          <reporter-output>
          </reporter-output>
        </test-method> <!-- verifySonyVaioi5 -->
        <test-method is-config="true" signature="closeBrowser()[pri:0, instance:com.qa.testLayer.HomePageTest@49ec71f8]" started-at="2022-04-27T14:06:40 IST" name="closeBrowser" finished-at="2022-04-27T14:06:40 IST" duration-ms="447" status="PASS">
          <reporter-output>
          </reporter-output>
        </test-method> <!-- closeBrowser -->
        <test-method is-config="true" signature="endLogger()[pri:0, instance:com.qa.testLayer.HomePageTest@49ec71f8]" started-at="2022-04-27T14:06:40 IST" name="endLogger" finished-at="2022-04-27T14:06:40 IST" duration-ms="0" status="PASS">
          <reporter-output>
          </reporter-output>
        </test-method> <!-- endLogger -->
      </class> <!-- com.qa.testLayer.HomePageTest -->
    </test> <!-- DemoBlazeTest -->
  </suite> <!-- DemoBlazeSuite -->
</testng-results>
